CRITICAL - 2024-12-17 13:08:25 --> ErrorException: Undefined variable $role
[Method: GET, Route: admin]
in APPPATH\Views\admin\dashbord.php on line 21.
 1 APPPATH\Views\admin\dashbord.php(21): CodeIgniter\Debug\Exceptions->errorHandler(2, 'Undefined variable $role', 'C:\\xampp\\htdocs\\komal\\Codeigniter\\adminrolle\\app\\Views\\admin\\dashbord.php', 21)
 2 SYSTEMPATH\View\View.php(234): include('C:\\xampp\\htdocs\\komal\\Codeigniter\\adminrolle\\app\\Views\\admin\\dashbord.php')
 3 SYSTEMPATH\View\View.php(237): CodeIgniter\View\View->CodeIgniter\View\{closure}()
 4 SYSTEMPATH\Common.php(1171): CodeIgniter\View\View->render('admin/dashbord', [], true)
 5 APPPATH\Controllers\AdminController.php(12): view('admin/dashbord', [...])
 6 SYSTEMPATH\CodeIgniter.php(933): App\Controllers\AdminController->index()
 7 SYSTEMPATH\CodeIgniter.php(509): CodeIgniter\CodeIgniter->runController(Object(App\Controllers\AdminController))
 8 SYSTEMPATH\CodeIgniter.php(355): CodeIgniter\CodeIgniter->handleRequest(null, Object(Config\Cache), false)
 9 SYSTEMPATH\Boot.php(325): CodeIgniter\CodeIgniter->run()
10 SYSTEMPATH\Boot.php(67): CodeIgniter\Boot::runCodeIgniter(Object(CodeIgniter\CodeIgniter))
11 FCPATH\index.php(56): CodeIgniter\Boot::bootWeb(Object(Config\Paths))
CRITICAL - 2024-12-17 13:12:03 --> ErrorException: Undefined global variable $_SESSION
[Method: GET, Route: admin]
in APPPATH\Views\admin\navbar.php on line 146.
 1 APPPATH\Views\admin\navbar.php(146): CodeIgniter\Debug\Exceptions->errorHandler(2, 'Undefined global variable $_SESSION', 'C:\\xampp\\htdocs\\komal\\Codeigniter\\adminrolle\\app\\Views\\admin\\navbar.php', 146)
 2 SYSTEMPATH\View\View.php(234): include('C:\\xampp\\htdocs\\komal\\Codeigniter\\adminrolle\\app\\Views\\admin\\navbar.php')
 3 SYSTEMPATH\View\View.php(237): CodeIgniter\View\View->CodeIgniter\View\{closure}()
 4 SYSTEMPATH\View\View.php(487): CodeIgniter\View\View->render('admin/navbar', null, true)
 5 APPPATH\Views\layout.php(42): CodeIgniter\View\View->include('admin/navbar')
 6 SYSTEMPATH\View\View.php(234): include('C:\\xampp\\htdocs\\komal\\Codeigniter\\adminrolle\\app\\Views\\layout.php')
 7 SYSTEMPATH\View\View.php(237): CodeIgniter\View\View->CodeIgniter\View\{closure}()
 8 SYSTEMPATH\View\View.php(250): CodeIgniter\View\View->render('layout', [], true)
 9 SYSTEMPATH\Common.php(1171): CodeIgniter\View\View->render('admin/dashbord', [], true)
10 APPPATH\Controllers\AdminController.php(12): view('admin/dashbord', [...])
11 SYSTEMPATH\CodeIgniter.php(933): App\Controllers\AdminController->index()
12 SYSTEMPATH\CodeIgniter.php(509): CodeIgniter\CodeIgniter->runController(Object(App\Controllers\AdminController))
13 SYSTEMPATH\CodeIgniter.php(355): CodeIgniter\CodeIgniter->handleRequest(null, Object(Config\Cache), false)
14 SYSTEMPATH\Boot.php(325): CodeIgniter\CodeIgniter->run()
15 SYSTEMPATH\Boot.php(67): CodeIgniter\Boot::runCodeIgniter(Object(CodeIgniter\CodeIgniter))
16 FCPATH\index.php(56): CodeIgniter\Boot::bootWeb(Object(Config\Paths))
CRITICAL - 2024-12-17 13:19:32 --> ErrorException: Undefined global variable $_SESSION
[Method: GET, Route: admin]
in APPPATH\Views\admin\asidebar.php on line 47.
 1 APPPATH\Views\admin\asidebar.php(47): CodeIgniter\Debug\Exceptions->errorHandler(2, 'Undefined global variable $_SESSION', 'C:\\xampp\\htdocs\\komal\\Codeigniter\\adminrolle\\app\\Views\\admin\\asidebar.php', 47)
 2 SYSTEMPATH\View\View.php(234): include('C:\\xampp\\htdocs\\komal\\Codeigniter\\adminrolle\\app\\Views\\admin\\asidebar.php')
 3 SYSTEMPATH\View\View.php(237): CodeIgniter\View\View->CodeIgniter\View\{closure}()
 4 SYSTEMPATH\View\View.php(487): CodeIgniter\View\View->render('admin/asidebar', null, true)
 5 APPPATH\Views\layout.php(11): CodeIgniter\View\View->include('admin/asidebar')
 6 SYSTEMPATH\View\View.php(234): include('C:\\xampp\\htdocs\\komal\\Codeigniter\\adminrolle\\app\\Views\\layout.php')
 7 SYSTEMPATH\View\View.php(237): CodeIgniter\View\View->CodeIgniter\View\{closure}()
 8 SYSTEMPATH\View\View.php(250): CodeIgniter\View\View->render('layout', [], true)
 9 SYSTEMPATH\Common.php(1171): CodeIgniter\View\View->render('admin/dashbord', [], true)
10 APPPATH\Controllers\AdminController.php(12): view('admin/dashbord', [...])
11 SYSTEMPATH\CodeIgniter.php(933): App\Controllers\AdminController->index()
12 SYSTEMPATH\CodeIgniter.php(509): CodeIgniter\CodeIgniter->runController(Object(App\Controllers\AdminController))
13 SYSTEMPATH\CodeIgniter.php(355): CodeIgniter\CodeIgniter->handleRequest(null, Object(Config\Cache), false)
14 SYSTEMPATH\Boot.php(325): CodeIgniter\CodeIgniter->run()
15 SYSTEMPATH\Boot.php(67): CodeIgniter\Boot::runCodeIgniter(Object(CodeIgniter\CodeIgniter))
16 FCPATH\index.php(56): CodeIgniter\Boot::bootWeb(Object(Config\Paths))
